<?xml version="1.0" encoding="UTF-8"?>
<testng-results ignored="0" total="1" passed="1" failed="0" skipped="0">
  <reporter-output>
  </reporter-output>
  <suite started-at="2021-08-06T22:16:55 IST" name="Default suite" finished-at="2021-08-06T22:17:01 IST" duration-ms="5877">
    <groups>
    </groups>
    <test started-at="2021-08-06T22:16:55 IST" name="Default test" finished-at="2021-08-06T22:17:01 IST" duration-ms="5877">
      <class name="Bitly_APIProject.BitlyPostTestcase3File">
        <test-method signature="test_PostlongURLtoBitlinksuccess()[pri:0, instance:Bitly_APIProject.BitlyPostTestcase3File@73163d48]" started-at="2021-08-06T22:16:55 IST" name="test_PostlongURLtoBitlinksuccess" finished-at="2021-08-06T22:17:01 IST" duration-ms="5762" status="PASS">
          <reporter-output>
          </reporter-output>
        </test-method> <!-- test_PostlongURLtoBitlinksuccess -->
      </class> <!-- Bitly_APIProject.BitlyPostTestcase3File -->
    </test> <!-- Default test -->
  </suite> <!-- Default suite -->
</testng-results>
